Analysis & Synthesis report for LogicalStep_Lab2_top
Mon Feb 11 20:39:29 2019
Quartus Prime Version 15.1.0 Build 185 10/21/2015 SJ Standard Edition


---------------------
; Table of Contents ;
---------------------
  1. Legal Notice
  2. Analysis & Synthesis Summary
  3. Analysis & Synthesis Settings
  4. Parallel Compilation
  5. Analysis & Synthesis Source Files Read
  6. Analysis & Synthesis Resource Usage Summary
  7. Analysis & Synthesis Resource Utilization by Entity
  8. General Register Statistics
  9. Multiplexer Restructuring Statistics (Restructuring Performed)
 10. Port Connectivity Checks: "SevenSegment:INST2"
 11. Port Connectivity Checks: "SevenSegment:INST01"
 12. Post-Synthesis Netlist Statistics for Top Partition
 13. Elapsed Time Per Partition
 14. Analysis & Synthesis Messages



----------------
; Legal Notice ;
----------------
Copyright (C) 1991-2015 Altera Corporation. All rights reserved.
Your use of Altera Corporation's design tools, logic functions 
and other software and tools, and its AMPP partner logic 
functions, and any output files from any of the foregoing 
(including device programming or simulation files), and any 
associated documentation or information are expressly subject 
to the terms and conditions of the Altera Program License 
Subscription Agreement, the Altera Quartus Prime License Agreement,
the Altera MegaCore Function License Agreement, or other 
applicable license agreement, including, without limitation, 
that your use is for the sole purpose of programming logic 
devices manufactured by Altera and sold by Altera or its 
authorized distributors.  Please refer to the applicable 
agreement for further details.



+--------------------------------------------------------------------------------------+
; Analysis & Synthesis Summary                                                         ;
+------------------------------------+-------------------------------------------------+
; Analysis & Synthesis Status        ; Successful - Mon Feb 11 20:39:29 2019           ;
; Quartus Prime Version              ; 15.1.0 Build 185 10/21/2015 SJ Standard Edition ;
; Revision Name                      ; LogicalStep_Lab2_top                            ;
; Top-level Entity Name              ; LogicalStep_Lab2_top                            ;
; Family                             ; MAX 10                                          ;
; Total logic elements               ; 64                                              ;
;     Total combinational functions  ; 64                                              ;
;     Dedicated logic registers      ; 11                                              ;
; Total registers                    ; 11                                              ;
; Total pins                         ; 30                                              ;
; Total virtual pins                 ; 0                                               ;
; Total memory bits                  ; 0                                               ;
; Embedded Multiplier 9-bit elements ; 0                                               ;
; Total PLLs                         ; 0                                               ;
; UFM blocks                         ; 0                                               ;
; ADC blocks                         ; 0                                               ;
+------------------------------------+-------------------------------------------------+


+--------------------------------------------------------------------------------------------------------------------------+
; Analysis & Synthesis Settings                                                                                            ;
+----------------------------------------------------------------------------+----------------------+----------------------+
; Option                                                                     ; Setting              ; Default Value        ;
+----------------------------------------------------------------------------+----------------------+----------------------+
; Device                                                                     ; 10M08SAE144C8G       ;                      ;
; Top-level entity name                                                      ; LogicalStep_Lab2_top ; LogicalStep_Lab2_top ;
; Family name                                                                ; MAX 10               ; Cyclone V            ;
; Use smart compilation                                                      ; Off                  ; Off                  ;
; Enable parallel Assembler and TimeQuest Timing Analyzer during compilation ; On                   ; On                   ;
; Enable compact report table                                                ; Off                  ; Off                  ;
; Restructure Multiplexers                                                   ; Auto                 ; Auto                 ;
; Create Debugging Nodes for IP Cores                                        ; Off                  ; Off                  ;
; Preserve fewer node names                                                  ; On                   ; On                   ;
; Disable OpenCore Plus hardware evaluation                                  ; Off                  ; Off                  ;
; Verilog Version                                                            ; Verilog_2001         ; Verilog_2001         ;
; VHDL Version                                                               ; VHDL_1993            ; VHDL_1993            ;
; State Machine Processing                                                   ; Auto                 ; Auto                 ;
; Safe State Machine                                                         ; Off                  ; Off                  ;
; Extract Verilog State Machines                                             ; On                   ; On                   ;
; Extract VHDL State Machines                                                ; On                   ; On                   ;
; Ignore Verilog initial constructs                                          ; Off                  ; Off                  ;
; Iteration limit for constant Verilog loops                                 ; 5000                 ; 5000                 ;
; Iteration limit for non-constant Verilog loops                             ; 250                  ; 250                  ;
; Add Pass-Through Logic to Inferred RAMs                                    ; On                   ; On                   ;
; Infer RAMs from Raw Logic                                                  ; On                   ; On                   ;
; Parallel Synthesis                                                         ; On                   ; On                   ;
; DSP Block Balancing                                                        ; Auto                 ; Auto                 ;
; NOT Gate Push-Back                                                         ; On                   ; On                   ;
; Power-Up Don't Care                                                        ; On                   ; On                   ;
; Remove Redundant Logic Cells                                               ; Off                  ; Off                  ;
; Remove Duplicate Registers                                                 ; On                   ; On                   ;
; Ignore CARRY Buffers                                                       ; Off                  ; Off                  ;
; Ignore CASCADE Buffers                                                     ; Off                  ; Off                  ;
; Ignore GLOBAL Buffers                                                      ; Off                  ; Off                  ;
; Ignore ROW GLOBAL Buffers                                                  ; Off                  ; Off                  ;
; Ignore LCELL Buffers                                                       ; Off                  ; Off                  ;
; Ignore SOFT Buffers                                                        ; On                   ; On                   ;
; Limit AHDL Integers to 32 Bits                                             ; Off                  ; Off                  ;
; Optimization Technique                                                     ; Balanced             ; Balanced             ;
; Carry Chain Length                                                         ; 70                   ; 70                   ;
; Auto Carry Chains                                                          ; On                   ; On                   ;
; Auto Open-Drain Pins                                                       ; On                   ; On                   ;
; Perform WYSIWYG Primitive Resynthesis                                      ; Off                  ; Off                  ;
; Auto ROM Replacement                                                       ; On                   ; On                   ;
; Auto RAM Replacement                                                       ; On                   ; On                   ;
; Auto DSP Block Replacement                                                 ; On                   ; On                   ;
; Auto Shift Register Replacement                                            ; Auto                 ; Auto                 ;
; Allow Shift Register Merging across Hierarchies                            ; Auto                 ; Auto                 ;
; Auto Clock Enable Replacement                                              ; On                   ; On                   ;
; Strict RAM Replacement                                                     ; Off                  ; Off                  ;
; Allow Synchronous Control Signals                                          ; On                   ; On                   ;
; Force Use of Synchronous Clear Signals                                     ; Off                  ; Off                  ;
; Auto RAM Block Balancing                                                   ; On                   ; On                   ;
; Auto RAM to Logic Cell Conversion                                          ; Off                  ; Off                  ;
; Auto Resource Sharing                                                      ; Off                  ; Off                  ;
; Allow Any RAM Size For Recognition                                         ; Off                  ; Off                  ;
; Allow Any ROM Size For Recognition                                         ; Off                  ; Off                  ;
; Allow Any Shift Register Size For Recognition                              ; Off                  ; Off                  ;
; Use LogicLock Constraints during Resource Balancing                        ; On                   ; On                   ;
; Ignore translate_off and synthesis_off directives                          ; Off                  ; Off                  ;
; Timing-Driven Synthesis                                                    ; On                   ; On                   ;
; Report Parameter Settings                                                  ; On                   ; On                   ;
; Report Source Assignments                                                  ; On                   ; On                   ;
; Report Connectivity Checks                                                 ; On                   ; On                   ;
; Ignore Maximum Fan-Out Assignments                                         ; Off                  ; Off                  ;
; Synchronization Register Chain Length                                      ; 2                    ; 2                    ;
; PowerPlay Power Optimization During Synthesis                              ; Normal compilation   ; Normal compilation   ;
; HDL message level                                                          ; Level2               ; Level2               ;
; Suppress Register Optimization Related Messages                            ; Off                  ; Off                  ;
; Number of Removed Registers Reported in Synthesis Report                   ; 5000                 ; 5000                 ;
; Number of Swept Nodes Reported in Synthesis Report                         ; 5000                 ; 5000                 ;
; Number of Inverted Registers Reported in Synthesis Report                  ; 100                  ; 100                  ;
; Clock MUX Protection                                                       ; On                   ; On                   ;
; Auto Gated Clock Conversion                                                ; Off                  ; Off                  ;
; Block Design Naming                                                        ; Auto                 ; Auto                 ;
; SDC constraint protection                                                  ; Off                  ; Off                  ;
; Synthesis Effort                                                           ; Auto                 ; Auto                 ;
; Shift Register Replacement - Allow Asynchronous Clear Signal               ; On                   ; On                   ;
; Pre-Mapping Resynthesis Optimization                                       ; Off                  ; Off                  ;
; Analysis & Synthesis Message Level                                         ; Medium               ; Medium               ;
; Disable Register Merging Across Hierarchies                                ; Auto                 ; Auto                 ;
; Resource Aware Inference For Block RAM                                     ; On                   ; On                   ;
; Synthesis Seed                                                             ; 1                    ; 1                    ;
+----------------------------------------------------------------------------+----------------------+----------------------+


+------------------------------------------+
; Parallel Compilation                     ;
+----------------------------+-------------+
; Processors                 ; Number      ;
+----------------------------+-------------+
; Number detected on machine ; 4           ;
; Maximum allowed            ; 2           ;
;                            ;             ;
; Average used               ; 1.00        ;
; Maximum used               ; 2           ;
;                            ;             ;
; Usage by Processor         ; % Time Used ;
;     Processor 1            ; 100.0%      ;
;     Processor 2            ; < 0.1%      ;
+----------------------------+-------------+


+----------------------------------------------------------------------------------------------------------------------------------+
; Analysis & Synthesis Source Files Read                                                                                           ;
+----------------------------------+-----------------+-----------------+-------------------------------------------------+---------+
; File Name with User-Entered Path ; Used in Netlist ; File Type       ; File Name with Absolute Path                    ; Library ;
+----------------------------------+-----------------+-----------------+-------------------------------------------------+---------+
; LogicalStep_Lab2_top.vhd         ; yes             ; User VHDL File  ; N:/ECE124/Lab2/LogicalStep_Lab2_top.vhd         ;         ;
; segment7_mux.vhd                 ; yes             ; User VHDL File  ; N:/ECE124/Lab2/segment7_mux.vhd                 ;         ;
; SevenSegment.vhd                 ; yes             ; User VHDL File  ; N:/ECE124/Lab2/SevenSegment.vhd                 ;         ;
; output_files/Adder.vhd           ; yes             ; User VHDL File  ; N:/ECE124/Lab2/output_files/Adder.vhd           ;         ;
; output_files/Concatenate.vhd     ; yes             ; User VHDL File  ; N:/ECE124/Lab2/output_files/Concatenate.vhd     ;         ;
; output_files/mux_1.vhd           ; yes             ; User VHDL File  ; N:/ECE124/Lab2/output_files/mux_1.vhd           ;         ;
; output_files/Logic_Processor.vhd ; yes             ; User VHDL File  ; N:/ECE124/Lab2/output_files/Logic_Processor.vhd ;         ;
; output_files/mux_2.vhd           ; yes             ; User VHDL File  ; N:/ECE124/Lab2/output_files/mux_2.vhd           ;         ;
; output_files/errorCheck.vhd      ; yes             ; User VHDL File  ; N:/ECE124/Lab2/output_files/errorCheck.vhd      ;         ;
+----------------------------------+-----------------+-----------------+-------------------------------------------------+---------+


+-----------------------------------------------------------+
; Analysis & Synthesis Resource Usage Summary               ;
+---------------------------------------------+-------------+
; Resource                                    ; Usage       ;
+---------------------------------------------+-------------+
; Estimated Total logic elements              ; 64          ;
;                                             ;             ;
; Total combinational functions               ; 64          ;
; Logic element usage by number of LUT inputs ;             ;
;     -- 4 input functions                    ; 33          ;
;     -- 3 input functions                    ; 20          ;
;     -- <=2 input functions                  ; 11          ;
;                                             ;             ;
; Logic elements by mode                      ;             ;
;     -- normal mode                          ; 51          ;
;     -- arithmetic mode                      ; 13          ;
;                                             ;             ;
; Total registers                             ; 11          ;
;     -- Dedicated logic registers            ; 11          ;
;     -- I/O registers                        ; 0           ;
;                                             ;             ;
; I/O pins                                    ; 30          ;
;                                             ;             ;
; Embedded Multiplier 9-bit elements          ; 0           ;
;                                             ;             ;
; Maximum fan-out node                        ; pb[3]~input ;
; Maximum fan-out                             ; 18          ;
; Total fan-out                               ; 279         ;
; Average fan-out                             ; 2.07        ;
+---------------------------------------------+-------------+


+-------------------------------------------------------------------------------------------------------------------------------------------------------------------------------------------------------------------------------+
; Analysis & Synthesis Resource Utilization by Entity                                                                                                                                                                           ;
+----------------------------+-------------------+--------------+-------------+------------+--------------+---------+-----------+------+--------------+------------+---------------------------------------------+--------------+
; Compilation Hierarchy Node ; LC Combinationals ; LC Registers ; Memory Bits ; UFM Blocks ; DSP Elements ; DSP 9x9 ; DSP 18x18 ; Pins ; Virtual Pins ; ADC blocks ; Full Hierarchy Name                         ; Library Name ;
+----------------------------+-------------------+--------------+-------------+------------+--------------+---------+-----------+------+--------------+------------+---------------------------------------------+--------------+
; |LogicalStep_Lab2_top      ; 64 (8)            ; 11 (0)       ; 0           ; 0          ; 0            ; 0       ; 0         ; 30   ; 0            ; 0          ; |LogicalStep_Lab2_top                       ; work         ;
;    |Adder:INST4|           ; 5 (5)             ; 0 (0)        ; 0           ; 0          ; 0            ; 0       ; 0         ; 0    ; 0            ; 0          ; |LogicalStep_Lab2_top|Adder:INST4           ; work         ;
;    |Logic_Processor:INST9| ; 9 (9)             ; 0 (0)        ; 0           ; 0          ; 0            ; 0       ; 0         ; 0    ; 0            ; 0          ; |LogicalStep_Lab2_top|Logic_Processor:INST9 ; work         ;
;    |SevenSegment:INST6|    ; 7 (7)             ; 0 (0)        ; 0           ; 0          ; 0            ; 0       ; 0         ; 0    ; 0            ; 0          ; |LogicalStep_Lab2_top|SevenSegment:INST6    ; work         ;
;    |SevenSegment:INST7|    ; 7 (7)             ; 0 (0)        ; 0           ; 0          ; 0            ; 0       ; 0         ; 0    ; 0            ; 0          ; |LogicalStep_Lab2_top|SevenSegment:INST7    ; work         ;
;    |errorCheck:INST1|      ; 1 (1)             ; 0 (0)        ; 0           ; 0          ; 0            ; 0       ; 0         ; 0    ; 0            ; 0          ; |LogicalStep_Lab2_top|errorCheck:INST1      ; work         ;
;    |mux_2:INST10|          ; 9 (9)             ; 0 (0)        ; 0           ; 0          ; 0            ; 0       ; 0         ; 0    ; 0            ; 0          ; |LogicalStep_Lab2_top|mux_2:INST10          ; work         ;
;    |segment7_mux:INST8|    ; 18 (18)           ; 11 (11)      ; 0           ; 0          ; 0            ; 0       ; 0         ; 0    ; 0            ; 0          ; |LogicalStep_Lab2_top|segment7_mux:INST8    ; work         ;
+----------------------------+-------------------+--------------+-------------+------------+--------------+---------+-----------+------+--------------+------------+---------------------------------------------+--------------+
Note: For table entries with two numbers listed, the numbers in parentheses indicate the number of resources of the given type used by the specific entity alone. The numbers listed outside of parentheses indicate the total resources of the given type used by the specific entity and all of its sub-entities in the hierarchy.


+------------------------------------------------------+
; General Register Statistics                          ;
+----------------------------------------------+-------+
; Statistic                                    ; Value ;
+----------------------------------------------+-------+
; Total registers                              ; 11    ;
; Number of registers using Synchronous Clear  ; 0     ;
; Number of registers using Synchronous Load   ; 0     ;
; Number of registers using Asynchronous Clear ; 0     ;
; Number of registers using Asynchronous Load  ; 0     ;
; Number of registers using Clock Enable       ; 0     ;
; Number of registers using Preset             ; 0     ;
+----------------------------------------------+-------+


+----------------------------------------------------------------------------------------------------------------------------------------------------------------+
; Multiplexer Restructuring Statistics (Restructuring Performed)                                                                                                 ;
+--------------------+-----------+---------------+----------------------+------------------------+------------+--------------------------------------------------+
; Multiplexer Inputs ; Bus Width ; Baseline Area ; Area if Restructured ; Saving if Restructured ; Registered ; Example Multiplexer Output                       ;
+--------------------+-----------+---------------+----------------------+------------------------+------------+--------------------------------------------------+
; 3:1                ; 4 bits    ; 8 LEs         ; 8 LEs                ; 0 LEs                  ; No         ; |LogicalStep_Lab2_top|mux_2:INST10|DOUT[0]       ;
; 16:1               ; 3 bits    ; 30 LEs        ; 12 LEs               ; 18 LEs                 ; No         ; |LogicalStep_Lab2_top|Logic_Processor:INST9|Mux0 ;
+--------------------+-----------+---------------+----------------------+------------------------+------------+--------------------------------------------------+


+--------------------------------------------------------------------------------------------------------------------+
; Port Connectivity Checks: "SevenSegment:INST2"                                                                     ;
+----------+--------+----------+-------------------------------------------------------------------------------------+
; Port     ; Type   ; Severity ; Details                                                                             ;
+----------+--------+----------+-------------------------------------------------------------------------------------+
; sevenseg ; Output ; Info     ; Connected to dangling logic. Logic that only feeds a dangling port will be removed. ;
+----------+--------+----------+-------------------------------------------------------------------------------------+


+--------------------------------------------------------------------------------------------------------------------+
; Port Connectivity Checks: "SevenSegment:INST01"                                                                    ;
+----------+--------+----------+-------------------------------------------------------------------------------------+
; Port     ; Type   ; Severity ; Details                                                                             ;
+----------+--------+----------+-------------------------------------------------------------------------------------+
; sevenseg ; Output ; Info     ; Connected to dangling logic. Logic that only feeds a dangling port will be removed. ;
+----------+--------+----------+-------------------------------------------------------------------------------------+


+-----------------------------------------------------+
; Post-Synthesis Netlist Statistics for Top Partition ;
+-----------------------+-----------------------------+
; Type                  ; Count                       ;
+-----------------------+-----------------------------+
; boundary_port         ; 30                          ;
; cycloneiii_ff         ; 11                          ;
;     plain             ; 11                          ;
; cycloneiii_io_obuf    ; 3                           ;
; cycloneiii_lcell_comb ; 69                          ;
;     arith             ; 13                          ;
;         2 data inputs ; 8                           ;
;         3 data inputs ; 5                           ;
;     normal            ; 56                          ;
;         0 data inputs ; 1                           ;
;         1 data inputs ; 7                           ;
;         3 data inputs ; 15                          ;
;         4 data inputs ; 33                          ;
;                       ;                             ;
; Max LUT depth         ; 5.40                        ;
; Average LUT depth     ; 3.71                        ;
+-----------------------+-----------------------------+


+-------------------------------+
; Elapsed Time Per Partition    ;
+----------------+--------------+
; Partition Name ; Elapsed Time ;
+----------------+--------------+
; Top            ; 00:00:00     ;
+----------------+--------------+


+-------------------------------+
; Analysis & Synthesis Messages ;
+-------------------------------+
Info: *******************************************************************
Info: Running Quartus Prime Analysis & Synthesis
    Info: Version 15.1.0 Build 185 10/21/2015 SJ Standard Edition
    Info: Processing started: Mon Feb 11 20:39:14 2019
Info: Command: quartus_map --read_settings_files=on --write_settings_files=off LogicalStep_Lab2 -c LogicalStep_Lab2_top
Info (20030): Parallel compilation is enabled and will use 2 of the 2 processors detected
Info (12021): Found 2 design units, including 1 entities, in source file logicalstep_lab2_top.vhd
    Info (12022): Found design unit 1: LogicalStep_Lab2_top-SimpleCircuit File: N:/ECE124/Lab2/LogicalStep_Lab2_top.vhd Line: 18
    Info (12023): Found entity 1: LogicalStep_Lab2_top File: N:/ECE124/Lab2/LogicalStep_Lab2_top.vhd Line: 6
Info (12021): Found 2 design units, including 1 entities, in source file segment7_mux.vhd
    Info (12022): Found design unit 1: segment7_mux-syn File: N:/ECE124/Lab2/segment7_mux.vhd Line: 67
    Info (12023): Found entity 1: segment7_mux File: N:/ECE124/Lab2/segment7_mux.vhd Line: 52
Info (12021): Found 2 design units, including 1 entities, in source file sevensegment.vhd
    Info (12022): Found design unit 1: SevenSegment-Behavioral File: N:/ECE124/Lab2/SevenSegment.vhd Line: 18
    Info (12023): Found entity 1: SevenSegment File: N:/ECE124/Lab2/SevenSegment.vhd Line: 10
Info (12021): Found 2 design units, including 1 entities, in source file output_files/adder.vhd
    Info (12022): Found design unit 1: Adder-Behavioral File: N:/ECE124/Lab2/output_files/Adder.vhd Line: 15
    Info (12023): Found entity 1: Adder File: N:/ECE124/Lab2/output_files/Adder.vhd Line: 5
Info (12021): Found 2 design units, including 1 entities, in source file output_files/concatenate.vhd
    Info (12022): Found design unit 1: concatenate-Behavioral File: N:/ECE124/Lab2/output_files/Concatenate.vhd Line: 13
    Info (12023): Found entity 1: concatenate File: N:/ECE124/Lab2/output_files/Concatenate.vhd Line: 5
Info (12021): Found 2 design units, including 1 entities, in source file output_files/mux_1.vhd
    Info (12022): Found design unit 1: mux_1-syn File: N:/ECE124/Lab2/output_files/mux_1.vhd Line: 14
    Info (12023): Found entity 1: mux_1 File: N:/ECE124/Lab2/output_files/mux_1.vhd Line: 5
Info (12021): Found 2 design units, including 1 entities, in source file output_files/logic_processor.vhd
    Info (12022): Found design unit 1: Logic_Processor-Behavioral File: N:/ECE124/Lab2/output_files/Logic_Processor.vhd Line: 16
    Info (12023): Found entity 1: Logic_Processor File: N:/ECE124/Lab2/output_files/Logic_Processor.vhd Line: 5
Info (12021): Found 2 design units, including 1 entities, in source file output_files/mux_2.vhd
    Info (12022): Found design unit 1: mux_2-syn File: N:/ECE124/Lab2/output_files/mux_2.vhd Line: 14
    Info (12023): Found entity 1: mux_2 File: N:/ECE124/Lab2/output_files/mux_2.vhd Line: 5
Warning (12019): Can't analyze file -- file ledOutputs.vhd is missing
Info (12021): Found 2 design units, including 1 entities, in source file output_files/errorcheck.vhd
    Info (12022): Found design unit 1: errorCheck-Behavioral File: N:/ECE124/Lab2/output_files/errorCheck.vhd Line: 15
    Info (12023): Found entity 1: errorCheck File: N:/ECE124/Lab2/output_files/errorCheck.vhd Line: 6
Info (12127): Elaborating entity "LogicalStep_Lab2_top" for the top level hierarchy
Warning (10036): Verilog HDL or VHDL warning at LogicalStep_Lab2_top.vhd(107): object "error_A" assigned a value but never read File: N:/ECE124/Lab2/LogicalStep_Lab2_top.vhd Line: 107
Warning (10036): Verilog HDL or VHDL warning at LogicalStep_Lab2_top.vhd(108): object "error_B" assigned a value but never read File: N:/ECE124/Lab2/LogicalStep_Lab2_top.vhd Line: 108
Info (12128): Elaborating entity "errorCheck" for hierarchy "errorCheck:INST1" File: N:/ECE124/Lab2/LogicalStep_Lab2_top.vhd Line: 134
Info (12128): Elaborating entity "SevenSegment" for hierarchy "SevenSegment:INST01" File: N:/ECE124/Lab2/LogicalStep_Lab2_top.vhd Line: 136
Info (12128): Elaborating entity "concatenate" for hierarchy "concatenate:INST3" File: N:/ECE124/Lab2/LogicalStep_Lab2_top.vhd Line: 148
Info (12128): Elaborating entity "Adder" for hierarchy "Adder:INST4" File: N:/ECE124/Lab2/LogicalStep_Lab2_top.vhd Line: 150
Info (12128): Elaborating entity "mux_1" for hierarchy "mux_1:INST5" File: N:/ECE124/Lab2/LogicalStep_Lab2_top.vhd Line: 152
Info (12128): Elaborating entity "segment7_mux" for hierarchy "segment7_mux:INST8" File: N:/ECE124/Lab2/LogicalStep_Lab2_top.vhd Line: 180
Info (12128): Elaborating entity "Logic_Processor" for hierarchy "Logic_Processor:INST9" File: N:/ECE124/Lab2/LogicalStep_Lab2_top.vhd Line: 186
Info (12128): Elaborating entity "mux_2" for hierarchy "mux_2:INST10" File: N:/ECE124/Lab2/LogicalStep_Lab2_top.vhd Line: 193
Info (286030): Timing-Driven Synthesis is running
Info (16010): Generating hard_block partition "hard_block:auto_generated_inst"
    Info (16011): Adding 0 node(s), including 0 DDIO, 0 PLL, 0 transceiver and 0 LCELL
Info (21057): Implemented 94 device resources after synthesis - the final resource count might be different
    Info (21058): Implemented 13 input pins
    Info (21059): Implemented 17 output pins
    Info (21061): Implemented 64 logic cells
Info: Quartus Prime Analysis & Synthesis was successful. 0 errors, 3 warnings
    Info: Peak virtual memory: 4992 megabytes
    Info: Processing ended: Mon Feb 11 20:39:29 2019
    Info: Elapsed time: 00:00:15
    Info: Total CPU time (on all processors): 00:00:23


