Assembler report for LogicalStep_Lab2_top
Wed Feb 13 22:26:54 2019
Quartus Prime Version 15.1.0 Build 185 10/21/2015 SJ Standard Edition


---------------------
; Table of Contents ;
---------------------
  1. Legal Notice
  2. Assembler Summary
  3. Assembler Settings
  4. Assembler Generated Files
  5. Assembler Device Options: N:/ECE124/Lab2/output_files/LogicalStep_Lab2_top.sof
  6. Assembler Messages



----------------
; Legal Notice ;
----------------
Copyright (C) 1991-2015 Altera Corporation. All rights reserved.
Your use of Altera Corporation's design tools, logic functions 
and other software and tools, and its AMPP partner logic 
functions, and any output files from any of the foregoing 
(including device programming or simulation files), and any 
associated documentation or information are expressly subject 
to the terms and conditions of the Altera Program License 
Subscription Agreement, the Altera Quartus Prime License Agreement,
the Altera MegaCore Function License Agreement, or other 
applicable license agreement, including, without limitation, 
that your use is for the sole purpose of programming logic 
devices manufactured by Altera and sold by Altera or its 
authorized distributors.  Please refer to the applicable 
agreement for further details.



+---------------------------------------------------------------+
; Assembler Summary                                             ;
+-----------------------+---------------------------------------+
; Assembler Status      ; Successful - Wed Feb 13 22:26:54 2019 ;
; Revision Name         ; LogicalStep_Lab2_top                  ;
; Top-level Entity Name ; LogicalStep_Lab2_top                  ;
; Family                ; MAX 10                                ;
; Device                ; 10M08SAE144C8G                        ;
+-----------------------+---------------------------------------+


+----------------------------------+
; Assembler Settings               ;
+--------+---------+---------------+
; Option ; Setting ; Default Value ;
+--------+---------+---------------+


+------------------------------------------------------+
; Assembler Generated Files                            ;
+------------------------------------------------------+
; File Name                                            ;
+------------------------------------------------------+
; N:/ECE124/Lab2/output_files/LogicalStep_Lab2_top.sof ;
+------------------------------------------------------+


+--------------------------------------------------------------------------------+
; Assembler Device Options: N:/ECE124/Lab2/output_files/LogicalStep_Lab2_top.sof ;
+----------------+---------------------------------------------------------------+
; Option         ; Setting                                                       ;
+----------------+---------------------------------------------------------------+
; Device         ; 10M08SAE144C8G                                                ;
; JTAG usercode  ; 0x00090E86                                                    ;
; Checksum       ; 0x00090E86                                                    ;
+----------------+---------------------------------------------------------------+


+--------------------+
; Assembler Messages ;
+--------------------+
Info: *******************************************************************
Info: Running Quartus Prime Assembler
    Info: Version 15.1.0 Build 185 10/21/2015 SJ Standard Edition
    Info: Processing started: Wed Feb 13 22:26:52 2019
Info: Command: quartus_asm --read_settings_files=off --write_settings_files=off LogicalStep_Lab2 -c LogicalStep_Lab2_top
Info (115031): Writing out detailed assembly data for power analysis
Info (115030): Assembler is generating device programming files
Info: Quartus Prime Assembler was successful. 0 errors, 0 warnings
    Info: Peak virtual memory: 4865 megabytes
    Info: Processing ended: Wed Feb 13 22:26:54 2019
    Info: Elapsed time: 00:00:02
    Info: Total CPU time (on all processors): 00:00:01


